C:\Users\pfhanchx\AppData\Local\Continuum\Anaconda3\python.exe C:\Users\pfhanchx\AppData\Local\JetBrains\Toolbox\apps\PyCharm-P\ch-0\173.3942.36\helpers\pydev\pydevd.py --multiproc --qt-support=auto --client 127.0.0.1 --port 59580 --file C:/Users/pfhanchx/PycharmProjects/DNG_Learn_Rest/access_dng.py
pydev debugger: process 11552 is connecting

Connected to pydev debugger (build 173.3942.36)
C:\Users\pfhanchx\AppData\Local\Continuum\Anaconda3\lib\site-packages\urllib3\connectionpool.py:858: InsecureRequestWarning: Unverified HTTPS request is being made. Adding certificate verification is strongly advised. See: https://urllib3.readthedocs.io/en/latest/advanced-usage.html#ssl-warnings
  InsecureRequestWarning)
C:\Users\pfhanchx\AppData\Local\Continuum\Anaconda3\lib\site-packages\urllib3\connectionpool.py:858: InsecureRequestWarning: Unverified HTTPS request is being made. Adding certificate verification is strongly advised. See: https://urllib3.readthedocs.io/en/latest/advanced-usage.html#ssl-warnings
  InsecureRequestWarning)
Login response: 200
Login cookies: <RequestsCookieJar[]>
<!DOCTYPE html PUBLIC "-//W3C//DTD HTML 4.01//EN" "http://www.w3.org/TR/html4/strict.dtd">

<!--

  Licensed Materials - Property of IBM
  (c) Copyright IBM Corporation 2005-2006. All Rights Reserved.

  Note to U.S. Government Users Restricted Rights:
  Use, duplication or disclosure restricted by GSA ADP Schedule
  Contract with IBM Corp.

-->

<html xmlns="http://www.w3.org/1999/xhtml">
<head>
  <title>Jazz - Error</title>
  <link type="text/css" rel="stylesheet" href="/rrc/web/jazz.app/internal/templates/StaticLoginWidget.css"/>
</head>
<body>
  <div>Invalid path to authentication servlet.: /</div>
</body>
</html>

=========================
C:\Users\pfhanchx\AppData\Local\Continuum\Anaconda3\lib\site-packages\urllib3\connectionpool.py:858: InsecureRequestWarning: Unverified HTTPS request is being made. Adding certificate verification is strongly advised. See: https://urllib3.readthedocs.io/en/latest/advanced-usage.html#ssl-warnings
  InsecureRequestWarning)
Root Services response: 200
Root Services cookies: <RequestsCookieJar[<Cookie JSESSIONID=0000_7frv0gj8MoVtPZxskteQua:3d34d6a1-66e3-441f-92ac-1d91c1d700cb for rtc.intel.com/>, <Cookie JAZZ_AUTH_TOKEN=2e0181657eb948baaa34cfd1ebc43c5c&x5ixFEPemmiIreYc1MbUX6DE69WTUCojQOyxc2xjEs for rtc.intel.com/rrc>]>
<?xml version="1.0"?>
<!--
    Licensed Materials - Property of IBM
    (c) Copyright IBM Corporation 2013, 2015. All Rights Reserved.

    Note to U.S. Government Users Restricted Rights:
    Use, duplication or disclosure restricted by GSA ADP Schedule
    Contract with IBM Corp.
 -->

<rdf:Description xmlns:rdf="http://www.w3.org/1999/02/22-rdf-syntax-ns#"
	xmlns:dc="http://purl.org/dc/terms/" xmlns:jfs="http://jazz.net/xmlns/prod/jazz/jfs/1.0/"
	xmlns:jd="http://jazz.net/xmlns/prod/jazz/discovery/1.0/" xmlns:jdb="http://jazz.net/xmlns/prod/jazz/dashboard/1.0/"
	xmlns:jp06="http://jazz.net/xmlns/prod/jazz/process/0.6/" xmlns:jp="http://jazz.net/xmlns/prod/jazz/process/1.0/"
	xmlns:jtp="http://jazz.net/xmlns/prod/jazz/jtp/0.6/" xmlns:ju="http://jazz.net/ns/ui#"
	xmlns:oslc="http://open-services.net/ns/core#" xmlns:rm="http://www.ibm.com/xmlns/rdm/rdf/"
	xmlns:oslc_rm="http://open-services.net/xmlns/rm/1.0/"
	xmlns:oslc_config="http://open-services.net/ns/config#"
	xmlns:trs2="http://open-services.net/ns/core/trs#"
	rdf:about="https://rtc.intel.com/rrc/rootservices">

   <!--
  		Root services resource template for applications based on JAF SDK.
  		Contains required contributions both for applications and for the JTS.
  		Applications may add additional services, but may only remove services noted as being "JTS only".
  		Specification is available at https://jazz.net/wiki/bin/view/Main/RootServicesSpec
   -->

	<!-- Modify to provide a descriptive title for the application -->
	<dc:title xml:lang="en">Doors Next Generation</dc:title>
	<dc:description>This application provides the capabilities to create
		and manage requirements and trace them to modeling, testing, and
		change and configuration management. You can define, elicit, capture,
		elaborate, discuss, and review requirements and supporting artifacts.
	</dc:description>

	<!-- The following services must be included in both the JTS and applications -->

	<jd:discovery rdf:resource="https://rtc.intel.com/rrc/discovery" />
	<jd:friends rdf:resource="https://rtc.intel.com/rrc/friends" />
	<jd:infocenterRoot rdf:resource="https://rtc.intel.com/jts/../clmhelp" />
	<jd:viewletServiceRoot rdf:resource="https://rtc.intel.com/jts" />
	<jd:viewletWebUIRoot rdf:resource="https://rtc.intel.com/rrc" />

    <jd:jsaSsoEnabled>false</jd:jsaSsoEnabled>

	<jfs:oauthDomain>https://rtc.intel.com/jts,https://rtc.intel.com/rrc</jfs:oauthDomain>
	<jfs:oauthRealmName>Jazz</jfs:oauthRealmName>
	<jfs:oauthAccessTokenUrl rdf:resource="https://rtc.intel.com/jts/oauth-access-token" />
	<jfs:oauthApprovalModuleUrl	rdf:resource="https://rtc.intel.com/jts/_ajax-modules/com.ibm.team.repository.AuthorizeOAuth" />
	<jfs:oauthExpireTokenUrl rdf:resource="https://rtc.intel.com/jts/oauth-expire-token" />
	<jfs:oauthRequestConsumerKeyUrl	rdf:resource="https://rtc.intel.com/jts/oauth-request-consumer" />
	<jfs:oauthRequestTokenUrl rdf:resource="https://rtc.intel.com/jts/oauth-request-token" />
	<jfs:oauthUserAuthorizationUrl rdf:resource="https://rtc.intel.com/jts/oauth-authorize" />

	<jfs:jauthCheckAuthUrl rdf:resource="https://rtc.intel.com/jts/jauth-check-auth" />
	<jfs:jauthCheckTokenUrl rdf:resource="https://rtc.intel.com/jts/jauth-check-token" />
	<jfs:jauthIssueTokenUrl rdf:resource="https://rtc.intel.com/jts/jauth-issue-token" />
	<jfs:jauthProxyUrl rdf:resource="https://rtc.intel.com/jts/jauth-proxy" />
	<jfs:jauthRevokeTokenUrl rdf:resource="https://rtc.intel.com/jts/jauth-revoke-token" />
	<jfs:jauthSigninUrl rdf:resource="https://rtc.intel.com/jts/jauth-signin" />

	<jfs:baselines rdf:resource="https://rtc.intel.com/rrc/baselines" />
	<jfs:bulkOperations rdf:resource="https://rtc.intel.com/rrc/bulk" />
	<jfs:changes rdf:resource="https://rtc.intel.com/rrc/changes" />
	<jfs:currentUser rdf:resource="https://rtc.intel.com/jts/whoami" />
	<jfs:history rdf:resource="https://rtc.intel.com/rrc/history" />
	<jfs:indexing rdf:resource="https://rtc.intel.com/rrc/indexing" />
	<jfs:mailer rdf:resource="https://rtc.intel.com/jts/mailer" />
	<jfs:query rdf:resource="https://rtc.intel.com/rrc/query" />
	<jfs:search rdf:resource="https://rtc.intel.com/rrc/search" />
	<jfs:storage rdf:resource="https://rtc.intel.com/rrc/storage" />
	<jfs:users rdf:resource="https://rtc.intel.com/jts/users" />

	<jfs:setupWizardDescriptor rdf:resource="https://rtc.intel.com/rrc/service/com.ibm.team.repository.service.internal.setup.ISetupWizardDescriptorService" />

	<jdb:dashboards rdf:resource="https://rtc.intel.com/jts/dashboards" />

	<ju:widgetCatalog rdf:resource="https://rtc.intel.com/rrc/RmWidgetCatalog" />

	<jp06:processSecurity rdf:resource="https://rtc.intel.com/rrc/process-security" />
	<jp06:processTemplates rdf:resource="https://rtc.intel.com/rrc/process/templates" />
	<jp06:projectAreas rdf:resource="https://rtc.intel.com/rrc/process/project-areas" />

	<jtp:associations rdf:resource="https://rtc.intel.com/rrc/process-authoring/associations" />
	<jtp:defaultPracticeLibraryUrl rdf:resource="https://rtc.intel.com/rrc/process-authoring/libraries/shared" />
	<jtp:file rdf:resource="https://rtc.intel.com/rrc/process-authoring/file" />
	<jtp:license rdf:resource="https://rtc.intel.com/rrc/process-authoring/license" />
	<jtp:practices rdf:resource="https://rtc.intel.com/rrc/process-authoring/practices" />
	<jtp:processDescriptions rdf:resource="https://rtc.intel.com/rrc/process-authoring/descriptions" />

	<oslc:publisher rdf:resource="https://rtc.intel.com/rrc/application-about" />

	<!-- End of services common to JTS and applications -->

	<!-- Applications may add any services they provide here -->
	<oslc_rm:rmServiceProviders rdf:resource="https://rtc.intel.com/rrc/oslc_rm/catalog" />

	<oslc_rm:majorVersion>6</oslc_rm:majorVersion>
	<oslc_rm:version>6.0.3.0</oslc_rm:version>
	<oslc_rm:buildVersion>6.0.3</oslc_rm:buildVersion>

	<oslc_config:cmServiceProviders	rdf:resource="https://rtc.intel.com/rrc/oslc_config"/>

	<rm:glossaryTermsQuery rdf:resource="https://rtc.intel.com/rrc/glossary/termslookup" />
	<rm:components rdf:resource="https://rtc.intel.com/rrc/cm/component" />
	<rm:projectAreas rdf:resource="https://rtc.intel.com/rrc/projects" />
	<rm:cmpProjectAreas rdf:resource="https://rtc.intel.com/rrc/rm-projects" />
	<rm:rrcExtensions>0.1.3-0.1.5</rm:rrcExtensions>

	<!-- The admin Web UI service should be uncommented in applications -->
	<jfs:adminWebUI rdf:resource="https://rtc.intel.com/rrc/admin" />

	<!-- The registration handler service should be uncommented for application  that do not supply their own -->
	<jd:registration rdf:resource="https://rtc.intel.com/rrc/service/com.ibm.team.repository.service.internal.setup.IRegistrationHandlerService" />

	<!--  Process Component Tracked Resource Set 2.0 Provider -->
	<rm:trackedResourceSetProvider>
		<trs2:TrackedResourceSet>
			<trs2:trackedResourceSet rdf:resource="https://rtc.intel.com/rrc/process-trs2" />
			<dc:title>TRS 2.0 for DNG Process Resources</dc:title>
			<dc:description>TRS 2.0 feed for process resources in DOORS Next Generation</dc:description>
			<dc:type     rdf:resource="http://jazz.net/ns/process#" />
			<oslc:domain rdf:resource="http://jazz.net/ns/process#" />
		</trs2:TrackedResourceSet>
	</rm:trackedResourceSetProvider>

	<!-- End of application-specific services -->

</rdf:Description>
=========================
C:\Users\pfhanchx\AppData\Local\Continuum\Anaconda3\lib\site-packages\urllib3\connectionpool.py:858: InsecureRequestWarning: Unverified HTTPS request is being made. Adding certificate verification is strongly advised. See: https://urllib3.readthedocs.io/en/latest/advanced-usage.html#ssl-warnings
  InsecureRequestWarning)
Catalog response: 200
Catalog cookies: <RequestsCookieJar[<Cookie JAZZ_AUTH_TOKEN=2e0181657eb948baaa34cfd1ebc43c5c&x5ixFEPemmiIreYc1MbUX6DE69WTUCojQOyxc2xjEs for rtc.intel.com/rrc>]>
<rdf:RDF
	xmlns:rdf="http://www.w3.org/1999/02/22-rdf-syntax-ns#"
	xmlns:dcterms="http://purl.org/dc/terms/"
	xmlns:jp="http://jazz.net/xmlns/prod/jazz/process/1.0/"
	xmlns:oslc="http://open-services.net/ns/core#">
<oslc:ServiceProviderCatalog rdf:about="https://rtc.intel.com/rrc/oslc_rm/catalog">
	<dcterms:title rdf:parseType="Literal">RMCatalog</dcterms:title>
	<dcterms:publisher rdf:resource="https://rtc.intel.com/rrc/application-about" />
	<oslc:domain rdf:resource="http://open-services.net/ns/rm#" />
</oslc:ServiceProviderCatalog>
</rdf:RDF>

=========================

Process finished with exit code 0
